[0.040s] Invoking command in '/home/ubuntu/wrows/build/my_bot': CMAKE_PREFIX_PATH=/opt/ros/humble /usr/bin/cmake /home/ubuntu/wrows/src/aaaa/wise_mystical_robot -DAMENT_CMAKE_SYMLINK_INSTALL=1 -DCMAKE_INSTALL_PREFIX=/home/ubuntu/wrows/install/my_bot
[0.851s] -- The C compiler identification is GNU 11.3.0
[1.414s] -- The CXX compiler identification is GNU 11.3.0
[1.445s] -- Detecting C compiler ABI info
[1.584s] -- Detecting C compiler ABI info - done
[1.596s] -- Check for working C compiler: /usr/bin/cc - skipped
[1.601s] -- Detecting C compile features
[1.603s] -- Detecting C compile features - done
[1.611s] -- Detecting CXX compiler ABI info
[1.728s] -- Detecting CXX compiler ABI info - done
[1.741s] -- Check for working CXX compiler: /usr/bin/c++ - skipped
[1.742s] -- Detecting CXX compile features
[1.742s] -- Detecting CXX compile features - done
[1.777s] -- Found ament_cmake: 1.3.5 (/opt/ros/humble/share/ament_cmake/cmake)
[2.040s] -- Found Python3: /usr/bin/python3.10 (found version "3.10.6") found components: Interpreter 
[2.167s] -- Override CMake install command with custom implementation using symlinks instead of copying resources
[2.266s] -- Found ament_lint_auto: 0.12.6 (/opt/ros/humble/share/ament_lint_auto/cmake)
[2.433s] -- Added test 'copyright' to check source files copyright and LICENSE
[2.439s] -- Added test 'flake8' to check Python code syntax and style conventions
[2.441s] -- Added test 'lint_cmake' to check CMake code style
[2.443s] -- Added test 'pep257' to check Python code against some of the docstring style conventions in PEP 257
[2.447s] -- Added test 'xmllint' to check XML markup files
[2.453s] -- Configuring done
[2.459s] -- Generating done
[2.462s] -- Build files have been written to: /home/ubuntu/wrows/build/my_bot
[2.470s] Invoked command in '/home/ubuntu/wrows/build/my_bot' returned '0': CMAKE_PREFIX_PATH=/opt/ros/humble /usr/bin/cmake /home/ubuntu/wrows/src/aaaa/wise_mystical_robot -DAMENT_CMAKE_SYMLINK_INSTALL=1 -DCMAKE_INSTALL_PREFIX=/home/ubuntu/wrows/install/my_bot
[2.473s] Invoking command in '/home/ubuntu/wrows/build/my_bot': CMAKE_PREFIX_PATH=/opt/ros/humble /usr/bin/cmake --build /home/ubuntu/wrows/build/my_bot -- -j2 -l2
[2.517s] Invoked command in '/home/ubuntu/wrows/build/my_bot' returned '0': CMAKE_PREFIX_PATH=/opt/ros/humble /usr/bin/cmake --build /home/ubuntu/wrows/build/my_bot -- -j2 -l2
[2.552s] Invoking command in '/home/ubuntu/wrows/build/my_bot': CMAKE_PREFIX_PATH=/opt/ros/humble /usr/bin/cmake --install /home/ubuntu/wrows/build/my_bot
[2.560s] -- Install configuration: ""
[2.561s] -- Execute custom install script
[2.561s] -- Symlinking: /home/ubuntu/wrows/install/my_bot/share/my_bot/config/empty.yaml
[2.571s] -- Symlinking: /home/ubuntu/wrows/install/my_bot/share/my_bot/description/gazebo_control.xacro
[2.580s] -- Symlinking: /home/ubuntu/wrows/install/my_bot/share/my_bot/description/inertial_macros.xacros
[2.590s] -- Symlinking: /home/ubuntu/wrows/install/my_bot/share/my_bot/description/robot.urdf.xacro
[2.600s] -- Symlinking: /home/ubuntu/wrows/install/my_bot/share/my_bot/description/robot_core.xacro
[2.609s] -- Symlinking: /home/ubuntu/wrows/install/my_bot/share/my_bot/launch/launch_sim.launch.py
[2.619s] -- Symlinking: /home/ubuntu/wrows/install/my_bot/share/my_bot/launch/rsp.launch.py
[2.628s] -- Symlinking: /home/ubuntu/wrows/install/my_bot/share/my_bot/worlds/empty.world
[2.639s] -- Symlinking: /home/ubuntu/wrows/install/my_bot/share/ament_index/resource_index/package_run_dependencies/my_bot
[2.648s] -- Symlinking: /home/ubuntu/wrows/install/my_bot/share/ament_index/resource_index/parent_prefix_path/my_bot
[2.658s] -- Symlinking: /home/ubuntu/wrows/install/my_bot/share/my_bot/environment/ament_prefix_path.sh
[2.667s] -- Symlinking: /home/ubuntu/wrows/install/my_bot/share/my_bot/environment/ament_prefix_path.dsv
[2.676s] -- Symlinking: /home/ubuntu/wrows/install/my_bot/share/my_bot/environment/path.sh
[2.686s] -- Symlinking: /home/ubuntu/wrows/install/my_bot/share/my_bot/environment/path.dsv
[2.695s] -- Symlinking: /home/ubuntu/wrows/install/my_bot/share/my_bot/local_setup.bash
[2.704s] -- Symlinking: /home/ubuntu/wrows/install/my_bot/share/my_bot/local_setup.sh
[2.714s] -- Symlinking: /home/ubuntu/wrows/install/my_bot/share/my_bot/local_setup.zsh
[2.723s] -- Symlinking: /home/ubuntu/wrows/install/my_bot/share/my_bot/local_setup.dsv
[2.733s] -- Symlinking: /home/ubuntu/wrows/install/my_bot/share/my_bot/package.dsv
[2.743s] -- Symlinking: /home/ubuntu/wrows/install/my_bot/share/ament_index/resource_index/packages/my_bot
[2.752s] -- Symlinking: /home/ubuntu/wrows/install/my_bot/share/my_bot/cmake/my_botConfig.cmake
[2.762s] -- Symlinking: /home/ubuntu/wrows/install/my_bot/share/my_bot/cmake/my_botConfig-version.cmake
[2.771s] -- Symlinking: /home/ubuntu/wrows/install/my_bot/share/my_bot/package.xml
[2.782s] Invoked command in '/home/ubuntu/wrows/build/my_bot' returned '0': CMAKE_PREFIX_PATH=/opt/ros/humble /usr/bin/cmake --install /home/ubuntu/wrows/build/my_bot
