[0.028s] Invoking command in '/home/ubuntu/wrows/build/my_bot': CMAKE_PREFIX_PATH=${CMAKE_PREFIX_PATH}:/opt/ros/humble /usr/bin/cmake --build /home/ubuntu/wrows/build/my_bot -- -j2 -l2
[0.072s] Invoked command in '/home/ubuntu/wrows/build/my_bot' returned '0': CMAKE_PREFIX_PATH=${CMAKE_PREFIX_PATH}:/opt/ros/humble /usr/bin/cmake --build /home/ubuntu/wrows/build/my_bot -- -j2 -l2
[0.109s] Invoking command in '/home/ubuntu/wrows/build/my_bot': CMAKE_PREFIX_PATH=${CMAKE_PREFIX_PATH}:/opt/ros/humble /usr/bin/cmake --install /home/ubuntu/wrows/build/my_bot
[0.118s] -- Install configuration: ""
[0.120s] -- Execute custom install script
[0.122s] -- Up-to-date symlink: /home/ubuntu/wrows/install/my_bot/share/my_bot/config/empty.yaml
[0.123s] -- Up-to-date symlink: /home/ubuntu/wrows/install/my_bot/share/my_bot/description/gazebo_control.xacro
[0.123s] -- Up-to-date symlink: /home/ubuntu/wrows/install/my_bot/share/my_bot/description/inertial_macros.xacros
[0.124s] -- Symlinking: /home/ubuntu/wrows/install/my_bot/share/my_bot/description/lidar.xacro
[0.133s] -- Up-to-date symlink: /home/ubuntu/wrows/install/my_bot/share/my_bot/description/robot.urdf.xacro
[0.135s] -- Up-to-date symlink: /home/ubuntu/wrows/install/my_bot/share/my_bot/description/robot_core.xacro
[0.136s] -- Up-to-date symlink: /home/ubuntu/wrows/install/my_bot/share/my_bot/launch/launch_sim.launch.py
[0.137s] -- Up-to-date symlink: /home/ubuntu/wrows/install/my_bot/share/my_bot/launch/rsp.launch.py
[0.139s] -- Up-to-date symlink: /home/ubuntu/wrows/install/my_bot/share/my_bot/worlds/empty.world
[0.139s] -- Up-to-date symlink: /home/ubuntu/wrows/install/my_bot/share/ament_index/resource_index/package_run_dependencies/my_bot
[0.140s] -- Up-to-date symlink: /home/ubuntu/wrows/install/my_bot/share/ament_index/resource_index/parent_prefix_path/my_bot
[0.140s] -- Up-to-date symlink: /home/ubuntu/wrows/install/my_bot/share/my_bot/environment/ament_prefix_path.sh
[0.141s] -- Up-to-date symlink: /home/ubuntu/wrows/install/my_bot/share/my_bot/environment/ament_prefix_path.dsv
[0.141s] -- Up-to-date symlink: /home/ubuntu/wrows/install/my_bot/share/my_bot/environment/path.sh
[0.142s] -- Up-to-date symlink: /home/ubuntu/wrows/install/my_bot/share/my_bot/environment/path.dsv
[0.143s] -- Up-to-date symlink: /home/ubuntu/wrows/install/my_bot/share/my_bot/local_setup.bash
[0.143s] -- Up-to-date symlink: /home/ubuntu/wrows/install/my_bot/share/my_bot/local_setup.sh
[0.144s] -- Up-to-date symlink: /home/ubuntu/wrows/install/my_bot/share/my_bot/local_setup.zsh
[0.144s] -- Up-to-date symlink: /home/ubuntu/wrows/install/my_bot/share/my_bot/local_setup.dsv
[0.145s] -- Symlinking: /home/ubuntu/wrows/install/my_bot/share/my_bot/package.dsv
[0.151s] -- Up-to-date symlink: /home/ubuntu/wrows/install/my_bot/share/ament_index/resource_index/packages/my_bot
[0.151s] -- Up-to-date symlink: /home/ubuntu/wrows/install/my_bot/share/my_bot/cmake/my_botConfig.cmake
[0.151s] -- Up-to-date symlink: /home/ubuntu/wrows/install/my_bot/share/my_bot/cmake/my_botConfig-version.cmake
[0.152s] -- Up-to-date symlink: /home/ubuntu/wrows/install/my_bot/share/my_bot/package.xml
[0.155s] Invoked command in '/home/ubuntu/wrows/build/my_bot' returned '0': CMAKE_PREFIX_PATH=${CMAKE_PREFIX_PATH}:/opt/ros/humble /usr/bin/cmake --install /home/ubuntu/wrows/build/my_bot
